[Wed Mar 11 21:01:26 MDT 2020] - INFO passoff.ServerTest: 	Setting up File Handler Default Test...
[Wed Mar 11 21:01:26 MDT 2020] - INFO client.client.HttpClient: 	Clear called
[Wed Mar 11 21:01:26 MDT 2020] - INFO client.client.HttpClient: 	Post without Request Body called
[Wed Mar 11 21:01:26 MDT 2020] - INFO client.client.HttpClient: 	Attempting to open connection to server
[Wed Mar 11 21:01:26 MDT 2020] - INFO client.client.HttpClient: 	Connection opened to server
[Wed Mar 11 21:01:26 MDT 2020] - INFO client.client.HttpClient: 	Setting request method to POST
[Wed Mar 11 21:01:26 MDT 2020] - INFO client.client.HttpClient: 	Request method set to POST
[Wed Mar 11 21:01:26 MDT 2020] - INFO client.client.HttpClient: 	Setting Do Output to true
[Wed Mar 11 21:01:26 MDT 2020] - INFO client.client.HttpClient: 	Do Output set to true
[Wed Mar 11 21:01:26 MDT 2020] - INFO client.client.HttpClient: 	Connecting to server
[Wed Mar 11 21:01:26 MDT 2020] - INFO passoff.ServerTest: 	Setting up Realistic Fill Death Test...
[Wed Mar 11 21:01:26 MDT 2020] - INFO client.client.HttpClient: 	Clear called
[Wed Mar 11 21:01:26 MDT 2020] - INFO client.client.HttpClient: 	Post without Request Body called
[Wed Mar 11 21:01:26 MDT 2020] - INFO client.client.HttpClient: 	Attempting to open connection to server
[Wed Mar 11 21:01:26 MDT 2020] - INFO client.client.HttpClient: 	Connection opened to server
[Wed Mar 11 21:01:26 MDT 2020] - INFO client.client.HttpClient: 	Setting request method to POST
[Wed Mar 11 21:01:26 MDT 2020] - INFO client.client.HttpClient: 	Request method set to POST
[Wed Mar 11 21:01:26 MDT 2020] - INFO client.client.HttpClient: 	Setting Do Output to true
[Wed Mar 11 21:01:26 MDT 2020] - INFO client.client.HttpClient: 	Do Output set to true
[Wed Mar 11 21:01:26 MDT 2020] - INFO client.client.HttpClient: 	Connecting to server
[Wed Mar 11 21:01:26 MDT 2020] - INFO passoff.ServerTest: 	Setting up Login Invalid User Test...
[Wed Mar 11 21:01:26 MDT 2020] - INFO client.client.HttpClient: 	Clear called
[Wed Mar 11 21:01:26 MDT 2020] - INFO client.client.HttpClient: 	Post without Request Body called
[Wed Mar 11 21:01:26 MDT 2020] - INFO client.client.HttpClient: 	Attempting to open connection to server
[Wed Mar 11 21:01:26 MDT 2020] - INFO client.client.HttpClient: 	Connection opened to server
[Wed Mar 11 21:01:26 MDT 2020] - INFO client.client.HttpClient: 	Setting request method to POST
[Wed Mar 11 21:01:26 MDT 2020] - INFO client.client.HttpClient: 	Request method set to POST
[Wed Mar 11 21:01:26 MDT 2020] - INFO client.client.HttpClient: 	Setting Do Output to true
[Wed Mar 11 21:01:26 MDT 2020] - INFO client.client.HttpClient: 	Do Output set to true
[Wed Mar 11 21:01:26 MDT 2020] - INFO client.client.HttpClient: 	Connecting to server
[Wed Mar 11 21:01:26 MDT 2020] - INFO passoff.ServerTest: 	Setting up Load Valid Info Test...
[Wed Mar 11 21:01:26 MDT 2020] - INFO client.client.HttpClient: 	Clear called
[Wed Mar 11 21:01:26 MDT 2020] - INFO client.client.HttpClient: 	Post without Request Body called
[Wed Mar 11 21:01:26 MDT 2020] - INFO client.client.HttpClient: 	Attempting to open connection to server
[Wed Mar 11 21:01:26 MDT 2020] - INFO client.client.HttpClient: 	Connection opened to server
[Wed Mar 11 21:01:26 MDT 2020] - INFO client.client.HttpClient: 	Setting request method to POST
[Wed Mar 11 21:01:26 MDT 2020] - INFO client.client.HttpClient: 	Request method set to POST
[Wed Mar 11 21:01:26 MDT 2020] - INFO client.client.HttpClient: 	Setting Do Output to true
[Wed Mar 11 21:01:26 MDT 2020] - INFO client.client.HttpClient: 	Do Output set to true
[Wed Mar 11 21:01:26 MDT 2020] - INFO client.client.HttpClient: 	Connecting to server
[Wed Mar 11 21:01:26 MDT 2020] - INFO passoff.ServerTest: 	Setting up Valid Fill Relationships Test...
[Wed Mar 11 21:01:26 MDT 2020] - INFO client.client.HttpClient: 	Clear called
[Wed Mar 11 21:01:26 MDT 2020] - INFO client.client.HttpClient: 	Post without Request Body called
[Wed Mar 11 21:01:26 MDT 2020] - INFO client.client.HttpClient: 	Attempting to open connection to server
[Wed Mar 11 21:01:26 MDT 2020] - INFO client.client.HttpClient: 	Connection opened to server
[Wed Mar 11 21:01:26 MDT 2020] - INFO client.client.HttpClient: 	Setting request method to POST
[Wed Mar 11 21:01:26 MDT 2020] - INFO client.client.HttpClient: 	Request method set to POST
[Wed Mar 11 21:01:26 MDT 2020] - INFO client.client.HttpClient: 	Setting Do Output to true
[Wed Mar 11 21:01:26 MDT 2020] - INFO client.client.HttpClient: 	Do Output set to true
[Wed Mar 11 21:01:26 MDT 2020] - INFO client.client.HttpClient: 	Connecting to server
[Wed Mar 11 21:01:26 MDT 2020] - INFO passoff.ServerTest: 	Setting up Events Bad Auth Token Test...
[Wed Mar 11 21:01:26 MDT 2020] - INFO client.client.HttpClient: 	Clear called
[Wed Mar 11 21:01:26 MDT 2020] - INFO client.client.HttpClient: 	Post without Request Body called
[Wed Mar 11 21:01:26 MDT 2020] - INFO client.client.HttpClient: 	Attempting to open connection to server
[Wed Mar 11 21:01:26 MDT 2020] - INFO client.client.HttpClient: 	Connection opened to server
[Wed Mar 11 21:01:26 MDT 2020] - INFO client.client.HttpClient: 	Setting request method to POST
[Wed Mar 11 21:01:26 MDT 2020] - INFO client.client.HttpClient: 	Request method set to POST
[Wed Mar 11 21:01:26 MDT 2020] - INFO client.client.HttpClient: 	Setting Do Output to true
[Wed Mar 11 21:01:26 MDT 2020] - INFO client.client.HttpClient: 	Do Output set to true
[Wed Mar 11 21:01:26 MDT 2020] - INFO client.client.HttpClient: 	Connecting to server
[Wed Mar 11 21:01:26 MDT 2020] - INFO passoff.ServerTest: 	Setting up Clear Test...
[Wed Mar 11 21:01:26 MDT 2020] - INFO client.client.HttpClient: 	Clear called
[Wed Mar 11 21:01:26 MDT 2020] - INFO client.client.HttpClient: 	Post without Request Body called
[Wed Mar 11 21:01:26 MDT 2020] - INFO client.client.HttpClient: 	Attempting to open connection to server
[Wed Mar 11 21:01:26 MDT 2020] - INFO client.client.HttpClient: 	Connection opened to server
[Wed Mar 11 21:01:26 MDT 2020] - INFO client.client.HttpClient: 	Setting request method to POST
[Wed Mar 11 21:01:26 MDT 2020] - INFO client.client.HttpClient: 	Request method set to POST
[Wed Mar 11 21:01:26 MDT 2020] - INFO client.client.HttpClient: 	Setting Do Output to true
[Wed Mar 11 21:01:26 MDT 2020] - INFO client.client.HttpClient: 	Do Output set to true
[Wed Mar 11 21:01:26 MDT 2020] - INFO client.client.HttpClient: 	Connecting to server
[Wed Mar 11 21:01:26 MDT 2020] - INFO passoff.ServerTest: 	Setting up Event Bad Auth Token Test...
[Wed Mar 11 21:01:26 MDT 2020] - INFO client.client.HttpClient: 	Clear called
[Wed Mar 11 21:01:26 MDT 2020] - INFO client.client.HttpClient: 	Post without Request Body called
[Wed Mar 11 21:01:26 MDT 2020] - INFO client.client.HttpClient: 	Attempting to open connection to server
[Wed Mar 11 21:01:26 MDT 2020] - INFO client.client.HttpClient: 	Connection opened to server
[Wed Mar 11 21:01:26 MDT 2020] - INFO client.client.HttpClient: 	Setting request method to POST
[Wed Mar 11 21:01:26 MDT 2020] - INFO client.client.HttpClient: 	Request method set to POST
[Wed Mar 11 21:01:26 MDT 2020] - INFO client.client.HttpClient: 	Setting Do Output to true
[Wed Mar 11 21:01:26 MDT 2020] - INFO client.client.HttpClient: 	Do Output set to true
[Wed Mar 11 21:01:26 MDT 2020] - INFO client.client.HttpClient: 	Connecting to server
[Wed Mar 11 21:01:26 MDT 2020] - INFO passoff.ServerTest: 	Setting up Realistic Fill Marriage Test...
[Wed Mar 11 21:01:26 MDT 2020] - INFO client.client.HttpClient: 	Clear called
[Wed Mar 11 21:01:26 MDT 2020] - INFO client.client.HttpClient: 	Post without Request Body called
[Wed Mar 11 21:01:26 MDT 2020] - INFO client.client.HttpClient: 	Attempting to open connection to server
[Wed Mar 11 21:01:26 MDT 2020] - INFO client.client.HttpClient: 	Connection opened to server
[Wed Mar 11 21:01:26 MDT 2020] - INFO client.client.HttpClient: 	Setting request method to POST
[Wed Mar 11 21:01:26 MDT 2020] - INFO client.client.HttpClient: 	Request method set to POST
[Wed Mar 11 21:01:26 MDT 2020] - INFO client.client.HttpClient: 	Setting Do Output to true
[Wed Mar 11 21:01:26 MDT 2020] - INFO client.client.HttpClient: 	Do Output set to true
[Wed Mar 11 21:01:26 MDT 2020] - INFO client.client.HttpClient: 	Connecting to server
[Wed Mar 11 21:01:26 MDT 2020] - INFO passoff.ServerTest: 	Setting up Person Wrong User Test...
[Wed Mar 11 21:01:26 MDT 2020] - INFO client.client.HttpClient: 	Clear called
[Wed Mar 11 21:01:26 MDT 2020] - INFO client.client.HttpClient: 	Post without Request Body called
[Wed Mar 11 21:01:26 MDT 2020] - INFO client.client.HttpClient: 	Attempting to open connection to server
[Wed Mar 11 21:01:26 MDT 2020] - INFO client.client.HttpClient: 	Connection opened to server
[Wed Mar 11 21:01:26 MDT 2020] - INFO client.client.HttpClient: 	Setting request method to POST
[Wed Mar 11 21:01:26 MDT 2020] - INFO client.client.HttpClient: 	Request method set to POST
[Wed Mar 11 21:01:26 MDT 2020] - INFO client.client.HttpClient: 	Setting Do Output to true
[Wed Mar 11 21:01:26 MDT 2020] - INFO client.client.HttpClient: 	Do Output set to true
[Wed Mar 11 21:01:26 MDT 2020] - INFO client.client.HttpClient: 	Connecting to server
[Wed Mar 11 21:01:26 MDT 2020] - INFO passoff.ServerTest: 	Setting up Person Bad Auth Token Test...
[Wed Mar 11 21:01:26 MDT 2020] - INFO client.client.HttpClient: 	Clear called
[Wed Mar 11 21:01:26 MDT 2020] - INFO client.client.HttpClient: 	Post without Request Body called
[Wed Mar 11 21:01:26 MDT 2020] - INFO client.client.HttpClient: 	Attempting to open connection to server
[Wed Mar 11 21:01:26 MDT 2020] - INFO client.client.HttpClient: 	Connection opened to server
[Wed Mar 11 21:01:26 MDT 2020] - INFO client.client.HttpClient: 	Setting request method to POST
[Wed Mar 11 21:01:26 MDT 2020] - INFO client.client.HttpClient: 	Request method set to POST
[Wed Mar 11 21:01:26 MDT 2020] - INFO client.client.HttpClient: 	Setting Do Output to true
[Wed Mar 11 21:01:26 MDT 2020] - INFO client.client.HttpClient: 	Do Output set to true
[Wed Mar 11 21:01:26 MDT 2020] - INFO client.client.HttpClient: 	Connecting to server
[Wed Mar 11 21:01:26 MDT 2020] - INFO passoff.ServerTest: 	Setting up Event Valid Test...
[Wed Mar 11 21:01:26 MDT 2020] - INFO client.client.HttpClient: 	Clear called
[Wed Mar 11 21:01:26 MDT 2020] - INFO client.client.HttpClient: 	Post without Request Body called
[Wed Mar 11 21:01:26 MDT 2020] - INFO client.client.HttpClient: 	Attempting to open connection to server
[Wed Mar 11 21:01:26 MDT 2020] - INFO client.client.HttpClient: 	Connection opened to server
[Wed Mar 11 21:01:26 MDT 2020] - INFO client.client.HttpClient: 	Setting request method to POST
[Wed Mar 11 21:01:26 MDT 2020] - INFO client.client.HttpClient: 	Request method set to POST
[Wed Mar 11 21:01:26 MDT 2020] - INFO client.client.HttpClient: 	Setting Do Output to true
[Wed Mar 11 21:01:26 MDT 2020] - INFO client.client.HttpClient: 	Do Output set to true
[Wed Mar 11 21:01:26 MDT 2020] - INFO client.client.HttpClient: 	Connecting to server
[Wed Mar 11 21:01:26 MDT 2020] - INFO passoff.ServerTest: 	Setting up Fill 2 Valid Test...
[Wed Mar 11 21:01:26 MDT 2020] - INFO client.client.HttpClient: 	Clear called
[Wed Mar 11 21:01:26 MDT 2020] - INFO client.client.HttpClient: 	Post without Request Body called
[Wed Mar 11 21:01:26 MDT 2020] - INFO client.client.HttpClient: 	Attempting to open connection to server
[Wed Mar 11 21:01:26 MDT 2020] - INFO client.client.HttpClient: 	Connection opened to server
[Wed Mar 11 21:01:26 MDT 2020] - INFO client.client.HttpClient: 	Setting request method to POST
[Wed Mar 11 21:01:26 MDT 2020] - INFO client.client.HttpClient: 	Request method set to POST
[Wed Mar 11 21:01:26 MDT 2020] - INFO client.client.HttpClient: 	Setting Do Output to true
[Wed Mar 11 21:01:26 MDT 2020] - INFO client.client.HttpClient: 	Do Output set to true
[Wed Mar 11 21:01:26 MDT 2020] - INFO client.client.HttpClient: 	Connecting to server
[Wed Mar 11 21:01:26 MDT 2020] - INFO passoff.ServerTest: 	Setting up Fill 4 Valid Test...
[Wed Mar 11 21:01:26 MDT 2020] - INFO client.client.HttpClient: 	Clear called
[Wed Mar 11 21:01:26 MDT 2020] - INFO client.client.HttpClient: 	Post without Request Body called
[Wed Mar 11 21:01:26 MDT 2020] - INFO client.client.HttpClient: 	Attempting to open connection to server
[Wed Mar 11 21:01:26 MDT 2020] - INFO client.client.HttpClient: 	Connection opened to server
[Wed Mar 11 21:01:26 MDT 2020] - INFO client.client.HttpClient: 	Setting request method to POST
[Wed Mar 11 21:01:26 MDT 2020] - INFO client.client.HttpClient: 	Request method set to POST
[Wed Mar 11 21:01:26 MDT 2020] - INFO client.client.HttpClient: 	Setting Do Output to true
[Wed Mar 11 21:01:26 MDT 2020] - INFO client.client.HttpClient: 	Do Output set to true
[Wed Mar 11 21:01:26 MDT 2020] - INFO client.client.HttpClient: 	Connecting to server
[Wed Mar 11 21:01:26 MDT 2020] - INFO passoff.ServerTest: 	Setting up Fill 5 Valid Test...
[Wed Mar 11 21:01:26 MDT 2020] - INFO client.client.HttpClient: 	Clear called
[Wed Mar 11 21:01:26 MDT 2020] - INFO client.client.HttpClient: 	Post without Request Body called
[Wed Mar 11 21:01:26 MDT 2020] - INFO client.client.HttpClient: 	Attempting to open connection to server
[Wed Mar 11 21:01:26 MDT 2020] - INFO client.client.HttpClient: 	Connection opened to server
[Wed Mar 11 21:01:26 MDT 2020] - INFO client.client.HttpClient: 	Setting request method to POST
[Wed Mar 11 21:01:26 MDT 2020] - INFO client.client.HttpClient: 	Request method set to POST
[Wed Mar 11 21:01:26 MDT 2020] - INFO client.client.HttpClient: 	Setting Do Output to true
[Wed Mar 11 21:01:26 MDT 2020] - INFO client.client.HttpClient: 	Do Output set to true
[Wed Mar 11 21:01:26 MDT 2020] - INFO client.client.HttpClient: 	Connecting to server
[Wed Mar 11 21:01:26 MDT 2020] - INFO passoff.ServerTest: 	Setting up Persons Valid Test...
[Wed Mar 11 21:01:26 MDT 2020] - INFO client.client.HttpClient: 	Clear called
[Wed Mar 11 21:01:26 MDT 2020] - INFO client.client.HttpClient: 	Post without Request Body called
[Wed Mar 11 21:01:26 MDT 2020] - INFO client.client.HttpClient: 	Attempting to open connection to server
[Wed Mar 11 21:01:26 MDT 2020] - INFO client.client.HttpClient: 	Connection opened to server
[Wed Mar 11 21:01:26 MDT 2020] - INFO client.client.HttpClient: 	Setting request method to POST
[Wed Mar 11 21:01:26 MDT 2020] - INFO client.client.HttpClient: 	Request method set to POST
[Wed Mar 11 21:01:26 MDT 2020] - INFO client.client.HttpClient: 	Setting Do Output to true
[Wed Mar 11 21:01:26 MDT 2020] - INFO client.client.HttpClient: 	Do Output set to true
[Wed Mar 11 21:01:26 MDT 2020] - INFO client.client.HttpClient: 	Connecting to server
[Wed Mar 11 21:01:26 MDT 2020] - INFO passoff.ServerTest: 	Setting up Load Valid Test...
[Wed Mar 11 21:01:26 MDT 2020] - INFO client.client.HttpClient: 	Clear called
[Wed Mar 11 21:01:26 MDT 2020] - INFO client.client.HttpClient: 	Post without Request Body called
[Wed Mar 11 21:01:26 MDT 2020] - INFO client.client.HttpClient: 	Attempting to open connection to server
[Wed Mar 11 21:01:26 MDT 2020] - INFO client.client.HttpClient: 	Connection opened to server
[Wed Mar 11 21:01:26 MDT 2020] - INFO client.client.HttpClient: 	Setting request method to POST
[Wed Mar 11 21:01:26 MDT 2020] - INFO client.client.HttpClient: 	Request method set to POST
[Wed Mar 11 21:01:26 MDT 2020] - INFO client.client.HttpClient: 	Setting Do Output to true
[Wed Mar 11 21:01:26 MDT 2020] - INFO client.client.HttpClient: 	Do Output set to true
[Wed Mar 11 21:01:26 MDT 2020] - INFO client.client.HttpClient: 	Connecting to server
[Wed Mar 11 21:01:26 MDT 2020] - INFO passoff.ServerTest: 	Setting up Re-Register User Test...
[Wed Mar 11 21:01:26 MDT 2020] - INFO client.client.HttpClient: 	Clear called
[Wed Mar 11 21:01:26 MDT 2020] - INFO client.client.HttpClient: 	Post without Request Body called
[Wed Mar 11 21:01:26 MDT 2020] - INFO client.client.HttpClient: 	Attempting to open connection to server
[Wed Mar 11 21:01:26 MDT 2020] - INFO client.client.HttpClient: 	Connection opened to server
[Wed Mar 11 21:01:26 MDT 2020] - INFO client.client.HttpClient: 	Setting request method to POST
[Wed Mar 11 21:01:26 MDT 2020] - INFO client.client.HttpClient: 	Request method set to POST
[Wed Mar 11 21:01:26 MDT 2020] - INFO client.client.HttpClient: 	Setting Do Output to true
[Wed Mar 11 21:01:26 MDT 2020] - INFO client.client.HttpClient: 	Do Output set to true
[Wed Mar 11 21:01:26 MDT 2020] - INFO client.client.HttpClient: 	Connecting to server
[Wed Mar 11 21:01:26 MDT 2020] - INFO passoff.ServerTest: 	Setting up Login Invalid Password Test...
[Wed Mar 11 21:01:26 MDT 2020] - INFO client.client.HttpClient: 	Clear called
[Wed Mar 11 21:01:26 MDT 2020] - INFO client.client.HttpClient: 	Post without Request Body called
[Wed Mar 11 21:01:26 MDT 2020] - INFO client.client.HttpClient: 	Attempting to open connection to server
[Wed Mar 11 21:01:26 MDT 2020] - INFO client.client.HttpClient: 	Connection opened to server
[Wed Mar 11 21:01:26 MDT 2020] - INFO client.client.HttpClient: 	Setting request method to POST
[Wed Mar 11 21:01:26 MDT 2020] - INFO client.client.HttpClient: 	Request method set to POST
[Wed Mar 11 21:01:26 MDT 2020] - INFO client.client.HttpClient: 	Setting Do Output to true
[Wed Mar 11 21:01:26 MDT 2020] - INFO client.client.HttpClient: 	Do Output set to true
[Wed Mar 11 21:01:26 MDT 2020] - INFO client.client.HttpClient: 	Connecting to server
[Wed Mar 11 21:01:26 MDT 2020] - INFO passoff.ServerTest: 	Setting up Event Wrong User Test...
[Wed Mar 11 21:01:26 MDT 2020] - INFO client.client.HttpClient: 	Clear called
[Wed Mar 11 21:01:26 MDT 2020] - INFO client.client.HttpClient: 	Post without Request Body called
[Wed Mar 11 21:01:26 MDT 2020] - INFO client.client.HttpClient: 	Attempting to open connection to server
[Wed Mar 11 21:01:26 MDT 2020] - INFO client.client.HttpClient: 	Connection opened to server
[Wed Mar 11 21:01:26 MDT 2020] - INFO client.client.HttpClient: 	Setting request method to POST
[Wed Mar 11 21:01:26 MDT 2020] - INFO client.client.HttpClient: 	Request method set to POST
[Wed Mar 11 21:01:26 MDT 2020] - INFO client.client.HttpClient: 	Setting Do Output to true
[Wed Mar 11 21:01:26 MDT 2020] - INFO client.client.HttpClient: 	Do Output set to true
[Wed Mar 11 21:01:26 MDT 2020] - INFO client.client.HttpClient: 	Connecting to server
[Wed Mar 11 21:01:26 MDT 2020] - INFO passoff.ServerTest: 	Setting up Realistic Fill Birth Test...
[Wed Mar 11 21:01:26 MDT 2020] - INFO client.client.HttpClient: 	Clear called
[Wed Mar 11 21:01:26 MDT 2020] - INFO client.client.HttpClient: 	Post without Request Body called
[Wed Mar 11 21:01:26 MDT 2020] - INFO client.client.HttpClient: 	Attempting to open connection to server
[Wed Mar 11 21:01:26 MDT 2020] - INFO client.client.HttpClient: 	Connection opened to server
[Wed Mar 11 21:01:26 MDT 2020] - INFO client.client.HttpClient: 	Setting request method to POST
[Wed Mar 11 21:01:26 MDT 2020] - INFO client.client.HttpClient: 	Request method set to POST
[Wed Mar 11 21:01:26 MDT 2020] - INFO client.client.HttpClient: 	Setting Do Output to true
[Wed Mar 11 21:01:26 MDT 2020] - INFO client.client.HttpClient: 	Do Output set to true
[Wed Mar 11 21:01:26 MDT 2020] - INFO client.client.HttpClient: 	Connecting to server
[Wed Mar 11 21:01:26 MDT 2020] - INFO passoff.ServerTest: 	Setting up Events Valid Test...
[Wed Mar 11 21:01:26 MDT 2020] - INFO client.client.HttpClient: 	Clear called
[Wed Mar 11 21:01:26 MDT 2020] - INFO client.client.HttpClient: 	Post without Request Body called
[Wed Mar 11 21:01:26 MDT 2020] - INFO client.client.HttpClient: 	Attempting to open connection to server
[Wed Mar 11 21:01:26 MDT 2020] - INFO client.client.HttpClient: 	Connection opened to server
[Wed Mar 11 21:01:26 MDT 2020] - INFO client.client.HttpClient: 	Setting request method to POST
[Wed Mar 11 21:01:26 MDT 2020] - INFO client.client.HttpClient: 	Request method set to POST
[Wed Mar 11 21:01:26 MDT 2020] - INFO client.client.HttpClient: 	Setting Do Output to true
[Wed Mar 11 21:01:26 MDT 2020] - INFO client.client.HttpClient: 	Do Output set to true
[Wed Mar 11 21:01:26 MDT 2020] - INFO client.client.HttpClient: 	Connecting to server
[Wed Mar 11 21:01:26 MDT 2020] - INFO passoff.ServerTest: 	Setting up Person Valid Test...
[Wed Mar 11 21:01:26 MDT 2020] - INFO client.client.HttpClient: 	Clear called
[Wed Mar 11 21:01:26 MDT 2020] - INFO client.client.HttpClient: 	Post without Request Body called
[Wed Mar 11 21:01:26 MDT 2020] - INFO client.client.HttpClient: 	Attempting to open connection to server
[Wed Mar 11 21:01:26 MDT 2020] - INFO client.client.HttpClient: 	Connection opened to server
[Wed Mar 11 21:01:26 MDT 2020] - INFO client.client.HttpClient: 	Setting request method to POST
[Wed Mar 11 21:01:26 MDT 2020] - INFO client.client.HttpClient: 	Request method set to POST
[Wed Mar 11 21:01:26 MDT 2020] - INFO client.client.HttpClient: 	Setting Do Output to true
[Wed Mar 11 21:01:26 MDT 2020] - INFO client.client.HttpClient: 	Do Output set to true
[Wed Mar 11 21:01:26 MDT 2020] - INFO client.client.HttpClient: 	Connecting to server
[Wed Mar 11 21:01:26 MDT 2020] - INFO passoff.ServerTest: 	Setting up Register Valid New User Test...
[Wed Mar 11 21:01:26 MDT 2020] - INFO client.client.HttpClient: 	Clear called
[Wed Mar 11 21:01:26 MDT 2020] - INFO client.client.HttpClient: 	Post without Request Body called
[Wed Mar 11 21:01:26 MDT 2020] - INFO client.client.HttpClient: 	Attempting to open connection to server
[Wed Mar 11 21:01:26 MDT 2020] - INFO client.client.HttpClient: 	Connection opened to server
[Wed Mar 11 21:01:26 MDT 2020] - INFO client.client.HttpClient: 	Setting request method to POST
[Wed Mar 11 21:01:26 MDT 2020] - INFO client.client.HttpClient: 	Request method set to POST
[Wed Mar 11 21:01:26 MDT 2020] - INFO client.client.HttpClient: 	Setting Do Output to true
[Wed Mar 11 21:01:26 MDT 2020] - INFO client.client.HttpClient: 	Do Output set to true
[Wed Mar 11 21:01:26 MDT 2020] - INFO client.client.HttpClient: 	Connecting to server
[Wed Mar 11 21:01:26 MDT 2020] - INFO passoff.ServerTest: 	Setting up File Handler 404 Test...
[Wed Mar 11 21:01:26 MDT 2020] - INFO client.client.HttpClient: 	Clear called
[Wed Mar 11 21:01:26 MDT 2020] - INFO client.client.HttpClient: 	Post without Request Body called
[Wed Mar 11 21:01:26 MDT 2020] - INFO client.client.HttpClient: 	Attempting to open connection to server
[Wed Mar 11 21:01:26 MDT 2020] - INFO client.client.HttpClient: 	Connection opened to server
[Wed Mar 11 21:01:26 MDT 2020] - INFO client.client.HttpClient: 	Setting request method to POST
[Wed Mar 11 21:01:26 MDT 2020] - INFO client.client.HttpClient: 	Request method set to POST
[Wed Mar 11 21:01:26 MDT 2020] - INFO client.client.HttpClient: 	Setting Do Output to true
[Wed Mar 11 21:01:26 MDT 2020] - INFO client.client.HttpClient: 	Do Output set to true
[Wed Mar 11 21:01:26 MDT 2020] - INFO client.client.HttpClient: 	Connecting to server
[Wed Mar 11 21:01:26 MDT 2020] - INFO passoff.ServerTest: 	Setting up File Handler Test...
[Wed Mar 11 21:01:26 MDT 2020] - INFO client.client.HttpClient: 	Clear called
[Wed Mar 11 21:01:26 MDT 2020] - INFO client.client.HttpClient: 	Post without Request Body called
[Wed Mar 11 21:01:26 MDT 2020] - INFO client.client.HttpClient: 	Attempting to open connection to server
[Wed Mar 11 21:01:26 MDT 2020] - INFO client.client.HttpClient: 	Connection opened to server
[Wed Mar 11 21:01:26 MDT 2020] - INFO client.client.HttpClient: 	Setting request method to POST
[Wed Mar 11 21:01:26 MDT 2020] - INFO client.client.HttpClient: 	Request method set to POST
[Wed Mar 11 21:01:26 MDT 2020] - INFO client.client.HttpClient: 	Setting Do Output to true
[Wed Mar 11 21:01:26 MDT 2020] - INFO client.client.HttpClient: 	Do Output set to true
[Wed Mar 11 21:01:26 MDT 2020] - INFO client.client.HttpClient: 	Connecting to server
[Wed Mar 11 21:01:26 MDT 2020] - INFO passoff.ServerTest: 	Setting up Persons Bad Auth Token Test...
[Wed Mar 11 21:01:26 MDT 2020] - INFO client.client.HttpClient: 	Clear called
[Wed Mar 11 21:01:26 MDT 2020] - INFO client.client.HttpClient: 	Post without Request Body called
[Wed Mar 11 21:01:26 MDT 2020] - INFO client.client.HttpClient: 	Attempting to open connection to server
[Wed Mar 11 21:01:26 MDT 2020] - INFO client.client.HttpClient: 	Connection opened to server
[Wed Mar 11 21:01:26 MDT 2020] - INFO client.client.HttpClient: 	Setting request method to POST
[Wed Mar 11 21:01:26 MDT 2020] - INFO client.client.HttpClient: 	Request method set to POST
[Wed Mar 11 21:01:26 MDT 2020] - INFO client.client.HttpClient: 	Setting Do Output to true
[Wed Mar 11 21:01:26 MDT 2020] - INFO client.client.HttpClient: 	Do Output set to true
[Wed Mar 11 21:01:26 MDT 2020] - INFO client.client.HttpClient: 	Connecting to server
[Wed Mar 11 21:01:26 MDT 2020] - INFO passoff.ServerTest: 	Setting up Fill Does Not Affect Other Users Test...
[Wed Mar 11 21:01:26 MDT 2020] - INFO client.client.HttpClient: 	Clear called
[Wed Mar 11 21:01:26 MDT 2020] - INFO client.client.HttpClient: 	Post without Request Body called
[Wed Mar 11 21:01:26 MDT 2020] - INFO client.client.HttpClient: 	Attempting to open connection to server
[Wed Mar 11 21:01:26 MDT 2020] - INFO client.client.HttpClient: 	Connection opened to server
[Wed Mar 11 21:01:26 MDT 2020] - INFO client.client.HttpClient: 	Setting request method to POST
[Wed Mar 11 21:01:26 MDT 2020] - INFO client.client.HttpClient: 	Request method set to POST
[Wed Mar 11 21:01:26 MDT 2020] - INFO client.client.HttpClient: 	Setting Do Output to true
[Wed Mar 11 21:01:26 MDT 2020] - INFO client.client.HttpClient: 	Do Output set to true
[Wed Mar 11 21:01:26 MDT 2020] - INFO client.client.HttpClient: 	Connecting to server
[Wed Mar 11 21:01:26 MDT 2020] - INFO passoff.ServerTest: 	Setting up Login Valid User Test...
[Wed Mar 11 21:01:26 MDT 2020] - INFO client.client.HttpClient: 	Clear called
[Wed Mar 11 21:01:26 MDT 2020] - INFO client.client.HttpClient: 	Post without Request Body called
[Wed Mar 11 21:01:26 MDT 2020] - INFO client.client.HttpClient: 	Attempting to open connection to server
[Wed Mar 11 21:01:26 MDT 2020] - INFO client.client.HttpClient: 	Connection opened to server
[Wed Mar 11 21:01:26 MDT 2020] - INFO client.client.HttpClient: 	Setting request method to POST
[Wed Mar 11 21:01:26 MDT 2020] - INFO client.client.HttpClient: 	Request method set to POST
[Wed Mar 11 21:01:26 MDT 2020] - INFO client.client.HttpClient: 	Setting Do Output to true
[Wed Mar 11 21:01:26 MDT 2020] - INFO client.client.HttpClient: 	Do Output set to true
[Wed Mar 11 21:01:26 MDT 2020] - INFO client.client.HttpClient: 	Connecting to server
